2025-10-31 00:31:07,170 - farm_ecosystem - INFO - --- Orchestrator for Plot plot1 (rice) ---
2025-10-31 00:31:07,170 - farm_ecosystem - INFO - Current Sensor Data: {'N': 70.08, 'P': 60.42, 'K': 90.3, 'temperature': 25.09, 'humidity': 70.12, 'ph': 6.06, 'rainfall': 99.51, 'soil_moisture': 49.59, 'sunlight_exposure': 70.4, 'co2_concentration': 400.35, 'organic_matter': 3.33}
2025-10-31 00:31:07,443 - farm_ecosystem - INFO - Predicted Indicators: {'THI': np.float64(47.88841986184977), 'NBR': np.float64(126.38786698567138), 'WAI': np.float64(228.7037815813296), 'PP': np.float64(20.294984207117498), 'SFI': np.float64(621.3600464433971)}
2025-10-31 00:31:38,213 - farm_ecosystem - INFO - --- Orchestrator for Plot plot1 (rice) ---
2025-10-31 00:31:38,213 - farm_ecosystem - INFO - Current Sensor Data: {'N': 70.18, 'P': 59.89, 'K': 90.48, 'temperature': 24.64, 'humidity': 70.06, 'ph': 7.0, 'rainfall': 100.31, 'soil_moisture': 49.72, 'sunlight_exposure': 70.05, 'co2_concentration': 400.06, 'organic_matter': 4.02}
2025-10-31 00:31:38,216 - farm_ecosystem - INFO - --- Orchestrator for Plot plot2 (maize) ---
2025-10-31 00:31:38,216 - farm_ecosystem - INFO - Current Sensor Data: {'N': 70.18, 'P': 60.16, 'K': 90.0, 'temperature': 25.41, 'humidity': 70.37, 'ph': 6.08, 'rainfall': 100.36, 'soil_moisture': 49.04, 'sunlight_exposure': 69.87, 'co2_concentration': 400.16, 'organic_matter': 3.04}
2025-10-31 00:31:38,222 - farm_ecosystem - INFO - --- Orchestrator for Plot plot3 (kidneybeans) ---
2025-10-31 00:31:38,222 - farm_ecosystem - INFO - Current Sensor Data: {'N': 69.82, 'P': 60.08, 'K': 89.96, 'temperature': 24.63, 'humidity': 69.75, 'ph': 6.71, 'rainfall': 99.64, 'soil_moisture': 49.9, 'sunlight_exposure': 69.92, 'co2_concentration': 399.86, 'organic_matter': 3.61}
2025-10-31 00:31:38,226 - farm_ecosystem - INFO - --- Orchestrator for Plot plot4 (pigeonpeas) ---
2025-10-31 00:31:38,226 - farm_ecosystem - INFO - Current Sensor Data: {'N': 69.97, 'P': 60.53, 'K': 89.63, 'temperature': 24.92, 'humidity': 70.01, 'ph': 6.56, 'rainfall': 99.56, 'soil_moisture': 49.47, 'sunlight_exposure': 69.68, 'co2_concentration': 400.41, 'organic_matter': 3.69}
2025-10-31 00:31:38,905 - farm_ecosystem - INFO - Predicted Indicators: {'THI': np.float64(47.49190332935592), 'NBR': np.float64(130.01208319193867), 'WAI': np.float64(224.70845750778412), 'PP': np.float64(19.323359419922905), 'SFI': np.float64(642.0700012210852)}
2025-10-31 00:31:38,951 - farm_ecosystem - INFO - Predicted Indicators: {'THI': np.float64(47.53591076454462), 'NBR': np.float64(126.7457850847535), 'WAI': np.float64(231.01545240691735), 'PP': np.float64(19.749309041208345), 'SFI': np.float64(627.7311279026441)}
2025-10-31 00:31:38,954 - farm_ecosystem - INFO - Predicted Indicators: {'THI': np.float64(47.61641742338998), 'NBR': np.float64(126.2939305719113), 'WAI': np.float64(222.29316390689306), 'PP': np.float64(19.861735017205152), 'SFI': np.float64(629.1766721196494)}
2025-10-31 00:31:38,990 - farm_ecosystem - INFO - Predicted Indicators: {'THI': np.float64(47.64488940816981), 'NBR': np.float64(127.53887349450947), 'WAI': np.float64(213.33559205518236), 'PP': np.float64(20.121522882369195), 'SFI': np.float64(637.2841786883713)}
2025-10-31 00:32:40,078 - farm_ecosystem - INFO - Recommendations:
2025-10-31 00:32:40,078 - farm_ecosystem - INFO - - {'action': 'adjust_nutrient', 'amount_mg': 0, 'nutrient_type': 'N'}
2025-10-31 00:32:40,079 - farm_ecosystem - INFO - [nutrient_dispenser] Performing action...
2025-10-31 00:32:40,081 - farm_ecosystem - INFO - Manual override: N set to 69.42 ppm
2025-10-31 00:32:40,082 - farm_ecosystem - INFO - - {'action': 'notify_user', 'message': 'Recommended adjust_nutrient (0 mg) for N (change: -47.82).'}
2025-10-31 00:32:40,083 - farm_ecosystem - INFO - - {'action': 'adjust_nutrient', 'amount_mg': np.float64(74.2), 'nutrient_type': 'P'}
2025-10-31 00:32:40,083 - farm_ecosystem - INFO - [nutrient_dispenser] Performing action...
2025-10-31 00:32:40,084 - farm_ecosystem - INFO - - {'action': 'notify_user', 'message': 'Recommended adjust_nutrient (74.2 mg) for P (change: 7.42).'}
2025-10-31 00:32:40,087 - farm_ecosystem - INFO - - {'action': 'adjust_nutrient', 'amount_mg': 0, 'nutrient_type': 'K'}
2025-10-31 00:32:40,088 - farm_ecosystem - INFO - [nutrient_dispenser] Performing action...
2025-10-31 00:32:40,092 - farm_ecosystem - INFO - - {'action': 'notify_user', 'message': 'Recommended adjust_nutrient (0 mg) for K (change: -69.96).'}
2025-10-31 00:32:40,093 - farm_ecosystem - INFO - - {'action': 'water_crop', 'amount_ml': 0}
2025-10-31 00:32:40,093 - farm_ecosystem - INFO - [water_pump] Performing action...
2025-10-31 00:32:40,097 - farm_ecosystem - INFO - Manual override: soil_moisture set to 49.36 %
2025-10-31 00:32:40,109 - farm_ecosystem - INFO - - {'action': 'notify_user', 'message': 'Recommended water_crop (0 ml) for soil_moisture (change: -30.04).'}
2025-10-31 00:32:40,110 - farm_ecosystem - INFO - - {'action': 'adjust_lighting', 'intensity_percent': np.float64(5.79)}
2025-10-31 00:32:40,115 - farm_ecosystem - INFO - - {'action': 'notify_user', 'message': 'Recommended adjust_lighting (5.79%) for sunlight_exposure (change: -61.81).'}
2025-10-31 00:32:40,229 - farm_ecosystem - INFO - Recommendations:
2025-10-31 00:32:40,229 - farm_ecosystem - INFO - - {'action': 'adjust_nutrient', 'amount_mg': np.float64(29.1), 'nutrient_type': 'N'}
2025-10-31 00:32:40,229 - farm_ecosystem - INFO - [nutrient_dispenser] Performing action...
2025-10-31 00:32:40,229 - farm_ecosystem - INFO - Manual override: N set to 75.99 ppm
2025-10-31 00:32:40,230 - farm_ecosystem - INFO - - {'action': 'notify_user', 'message': 'Recommended adjust_nutrient (29.1 mg) for N (change: 5.82).'}
2025-10-31 00:32:40,230 - farm_ecosystem - INFO - - {'action': 'adjust_nutrient', 'amount_mg': 0, 'nutrient_type': 'P'}
2025-10-31 00:32:40,230 - farm_ecosystem - INFO - [nutrient_dispenser] Performing action...
2025-10-31 00:32:40,231 - farm_ecosystem - INFO - - {'action': 'notify_user', 'message': 'Recommended adjust_nutrient (0 mg) for P (change: -12.16).'}
2025-10-31 00:32:40,231 - farm_ecosystem - INFO - - {'action': 'adjust_nutrient', 'amount_mg': 0, 'nutrient_type': 'K'}
2025-10-31 00:32:40,231 - farm_ecosystem - INFO - [nutrient_dispenser] Performing action...
2025-10-31 00:32:40,231 - farm_ecosystem - INFO - - {'action': 'notify_user', 'message': 'Recommended adjust_nutrient (0 mg) for K (change: -70.00).'}
2025-10-31 00:32:40,231 - farm_ecosystem - INFO - - {'action': 'water_crop', 'amount_ml': 0}
2025-10-31 00:32:40,237 - farm_ecosystem - INFO - [water_pump] Performing action...
2025-10-31 00:32:40,241 - farm_ecosystem - INFO - Manual override: soil_moisture set to 48.92 %
2025-10-31 00:32:40,244 - farm_ecosystem - INFO - - {'action': 'notify_user', 'message': 'Recommended water_crop (0 ml) for soil_moisture (change: -28.87).'}
2025-10-31 00:32:40,246 - farm_ecosystem - INFO - - {'action': 'adjust_lighting', 'intensity_percent': np.float64(6.14)}
2025-10-31 00:32:40,246 - farm_ecosystem - INFO - - {'action': 'notify_user', 'message': 'Recommended adjust_lighting (6.14%) for sunlight_exposure (change: -61.28).'}
2025-10-31 00:32:40,292 - farm_ecosystem - INFO - Recommendations:
2025-10-31 00:32:40,293 - farm_ecosystem - INFO - - {'action': 'adjust_nutrient', 'amount_mg': 0, 'nutrient_type': 'N'}
2025-10-31 00:32:40,293 - farm_ecosystem - INFO - [nutrient_dispenser] Performing action...
2025-10-31 00:32:40,293 - farm_ecosystem - INFO - Manual override: N set to 68.17 ppm
2025-10-31 00:32:40,293 - farm_ecosystem - INFO - - {'action': 'notify_user', 'message': 'Recommended adjust_nutrient (0 mg) for N (change: -16.57).'}
2025-10-31 00:32:40,293 - farm_ecosystem - INFO - - {'action': 'adjust_nutrient', 'amount_mg': np.float64(25.43), 'nutrient_type': 'P'}
2025-10-31 00:32:40,293 - farm_ecosystem - INFO - [nutrient_dispenser] Performing action...
2025-10-31 00:32:40,293 - farm_ecosystem - INFO - - {'action': 'notify_user', 'message': 'Recommended adjust_nutrient (25.43 mg) for P (change: 2.54).'}
2025-10-31 00:32:40,293 - farm_ecosystem - INFO - - {'action': 'adjust_nutrient', 'amount_mg': 0, 'nutrient_type': 'K'}
2025-10-31 00:32:40,293 - farm_ecosystem - INFO - [nutrient_dispenser] Performing action...
2025-10-31 00:32:40,294 - farm_ecosystem - INFO - - {'action': 'notify_user', 'message': 'Recommended adjust_nutrient (0 mg) for K (change: -13.51).'}
2025-10-31 00:32:40,294 - farm_ecosystem - INFO - - {'action': 'water_crop', 'amount_ml': np.float64(227.6)}
2025-10-31 00:32:40,294 - farm_ecosystem - INFO - [water_pump] Performing action...
2025-10-31 00:32:40,294 - farm_ecosystem - INFO - Manual override: soil_moisture set to 2.30 %
2025-10-31 00:32:40,294 - farm_ecosystem - INFO - - {'action': 'notify_user', 'message': 'Recommended water_crop (227.6 ml) for soil_moisture (change: 2.28).'}
2025-10-31 00:32:40,294 - farm_ecosystem - INFO - - {'action': 'adjust_lighting', 'intensity_percent': np.float64(29.76)}
2025-10-31 00:32:40,294 - farm_ecosystem - INFO - - {'action': 'notify_user', 'message': 'Recommended adjust_lighting (29.76%) for sunlight_exposure (change: -28.38).'}
2025-10-31 00:32:40,404 - farm_ecosystem - INFO - Recommendations:
2025-10-31 00:32:40,405 - farm_ecosystem - INFO - - {'action': 'adjust_nutrient', 'amount_mg': 0, 'nutrient_type': 'N'}
2025-10-31 00:32:40,405 - farm_ecosystem - INFO - [nutrient_dispenser] Performing action...
2025-10-31 00:32:40,405 - farm_ecosystem - INFO - Manual override: N set to 69.58 ppm
2025-10-31 00:32:40,405 - farm_ecosystem - INFO - - {'action': 'notify_user', 'message': 'Recommended adjust_nutrient (0 mg) for N (change: -23.52).'}
2025-10-31 00:32:40,405 - farm_ecosystem - INFO - - {'action': 'adjust_nutrient', 'amount_mg': 200, 'nutrient_type': 'P'}
2025-10-31 00:32:40,405 - farm_ecosystem - INFO - [nutrient_dispenser] Performing action...
2025-10-31 00:32:40,406 - farm_ecosystem - INFO - - {'action': 'notify_user', 'message': 'Recommended adjust_nutrient (200 mg) for P (change: 26.44).'}
2025-10-31 00:32:40,406 - farm_ecosystem - INFO - - {'action': 'adjust_nutrient', 'amount_mg': 0, 'nutrient_type': 'K'}
2025-10-31 00:32:40,406 - farm_ecosystem - INFO - [nutrient_dispenser] Performing action...
2025-10-31 00:32:40,406 - farm_ecosystem - INFO - - {'action': 'notify_user', 'message': 'Recommended adjust_nutrient (0 mg) for K (change: -21.90).'}
2025-10-31 00:32:40,406 - farm_ecosystem - INFO - - {'action': 'water_crop', 'amount_ml': np.float64(31.05)}
2025-10-31 00:32:40,406 - farm_ecosystem - INFO - [water_pump] Performing action...
2025-10-31 00:32:40,406 - farm_ecosystem - INFO - Manual override: soil_moisture set to 49.31 %
2025-10-31 00:32:40,406 - farm_ecosystem - INFO - - {'action': 'notify_user', 'message': 'Recommended water_crop (31.05 ml) for soil_moisture (change: 0.31).'}
2025-10-31 00:32:40,406 - farm_ecosystem - INFO - - {'action': 'adjust_lighting', 'intensity_percent': np.float64(6.88)}
2025-10-31 00:32:40,406 - farm_ecosystem - INFO - - {'action': 'notify_user', 'message': 'Recommended adjust_lighting (6.88%) for sunlight_exposure (change: -60.05).'}
2025-10-31 00:32:41,117 - farm_ecosystem - INFO - --- Orchestrator for Plot plot3 (kidneybeans) ---
2025-10-31 00:32:41,123 - farm_ecosystem - INFO - Current Sensor Data: {'N': 69.42, 'P': 59.73, 'K': 89.87, 'temperature': 24.91, 'humidity': 69.81, 'ph': 6.95, 'rainfall': 99.8, 'soil_moisture': 49.36, 'sunlight_exposure': 69.39, 'co2_concentration': 399.82, 'organic_matter': 3.63}
2025-10-31 00:32:41,247 - farm_ecosystem - INFO - --- Orchestrator for Plot plot2 (maize) ---
2025-10-31 00:32:41,247 - farm_ecosystem - INFO - Current Sensor Data: {'N': np.float64(75.99), 'P': 60.02, 'K': 90.48, 'temperature': 25.61, 'humidity': 70.63, 'ph': 5.73, 'rainfall': 100.55, 'soil_moisture': 48.92, 'sunlight_exposure': 70.08, 'co2_concentration': 400.63, 'organic_matter': 3.36}
2025-10-31 00:32:41,295 - farm_ecosystem - INFO - --- Orchestrator for Plot plot1 (rice) ---
2025-10-31 00:32:41,297 - farm_ecosystem - INFO - Current Sensor Data: {'N': 69.57, 'P': 55.49, 'K': 82.84, 'temperature': 24.49, 'humidity': 73.95, 'ph': 6.81, 'rainfall': 97.4, 'soil_moisture': 0, 'sunlight_exposure': 69.71, 'co2_concentration': 404.31, 'organic_matter': 2.0}
2025-10-31 00:32:41,407 - farm_ecosystem - INFO - --- Orchestrator for Plot plot4 (pigeonpeas) ---
2025-10-31 00:32:41,407 - farm_ecosystem - INFO - Current Sensor Data: {'N': 69.58, 'P': 60.8, 'K': 89.8, 'temperature': 24.61, 'humidity': 69.76, 'ph': 6.99, 'rainfall': 99.0, 'soil_moisture': np.float64(49.31), 'sunlight_exposure': 69.65, 'co2_concentration': 400.54, 'organic_matter': 3.41}
2025-10-31 00:32:41,704 - farm_ecosystem - INFO - Predicted Indicators: {'THI': np.float64(47.20408460845929), 'NBR': np.float64(129.65510124157376), 'WAI': np.float64(215.20231818745378), 'PP': np.float64(19.559776039170828), 'SFI': np.float64(640.2780086962853)}
2025-10-31 00:32:41,871 - farm_ecosystem - INFO - Predicted Indicators: {'THI': np.float64(47.94642621457956), 'NBR': np.float64(128.47062601876107), 'WAI': np.float64(234.52812231528597), 'PP': np.float64(19.821444539728486), 'SFI': np.float64(643.3783232556051)}
2025-10-31 00:32:41,872 - farm_ecosystem - INFO - Predicted Indicators: {'THI': np.float64(44.66000587534077), 'NBR': np.float64(119.26451793514735), 'WAI': np.float64(210.84583237800825), 'PP': np.float64(19.403467161030473), 'SFI': np.float64(551.7121744221178)}
2025-10-31 00:32:42,109 - farm_ecosystem - INFO - Predicted Indicators: {'THI': np.float64(47.21619893791691), 'NBR': np.float64(126.19581447795571), 'WAI': np.float64(213.1939921033937), 'PP': np.float64(19.770719953636796), 'SFI': np.float64(615.6522310655728)}
2025-10-31 00:33:23,979 - farm_ecosystem - INFO - --- Orchestrator for Plot plot1 (rice) ---
2025-10-31 00:33:23,979 - farm_ecosystem - INFO - Current Sensor Data: {'N': 70.08, 'P': 59.57, 'K': 90.14, 'temperature': 25.25, 'humidity': 70.26, 'ph': 6.53, 'rainfall': 99.75, 'soil_moisture': 49.86, 'sunlight_exposure': 69.64, 'co2_concentration': 400.03, 'organic_matter': 3.44}
2025-10-31 00:33:23,984 - farm_ecosystem - INFO - --- Orchestrator for Plot plot2 (maize) ---
2025-10-31 00:33:23,984 - farm_ecosystem - INFO - Current Sensor Data: {'N': 69.62, 'P': 59.77, 'K': 89.97, 'temperature': 24.98, 'humidity': 69.71, 'ph': 6.07, 'rainfall': 100.45, 'soil_moisture': 49.35, 'sunlight_exposure': 70.16, 'co2_concentration': 399.9, 'organic_matter': 3.65}
2025-10-31 00:33:23,986 - farm_ecosystem - INFO - --- Orchestrator for Plot plot3 (kidneybeans) ---
2025-10-31 00:33:23,987 - farm_ecosystem - INFO - Current Sensor Data: {'N': 70.06, 'P': 60.0, 'K': 89.8, 'temperature': 25.35, 'humidity': 70.04, 'ph': 6.67, 'rainfall': 99.88, 'soil_moisture': 49.89, 'sunlight_exposure': 70.18, 'co2_concentration': 399.88, 'organic_matter': 3.73}
2025-10-31 00:33:23,992 - farm_ecosystem - INFO - --- Orchestrator for Plot plot4 (pigeonpeas) ---
2025-10-31 00:33:23,992 - farm_ecosystem - INFO - Current Sensor Data: {'N': 70.37, 'P': 59.97, 'K': 89.51, 'temperature': 25.55, 'humidity': 69.66, 'ph': 6.86, 'rainfall': 100.04, 'soil_moisture': 48.98, 'sunlight_exposure': 70.14, 'co2_concentration': 400.09, 'organic_matter': 3.55}
2025-10-31 00:33:24,688 - farm_ecosystem - INFO - Predicted Indicators: {'THI': np.float64(47.72819835899705), 'NBR': np.float64(130.0033701541945), 'WAI': np.float64(226.57108212668632), 'PP': np.float64(19.718443692271002), 'SFI': np.float64(647.8188255701875)}
2025-10-31 00:33:24,722 - farm_ecosystem - INFO - Predicted Indicators: {'THI': np.float64(47.67998514438966), 'NBR': np.float64(127.7845271501832), 'WAI': np.float64(232.2641327185324), 'PP': np.float64(19.773568324915402), 'SFI': np.float64(641.2896638073107)}
2025-10-31 00:33:24,738 - farm_ecosystem - INFO - Predicted Indicators: {'THI': np.float64(47.712140226720315), 'NBR': np.float64(126.7589706058854), 'WAI': np.float64(214.3734907560338), 'PP': np.float64(20.158664359235964), 'SFI': np.float64(617.4477133116669)}
2025-10-31 00:33:24,745 - farm_ecosystem - INFO - Predicted Indicators: {'THI': np.float64(47.712037071585804), 'NBR': np.float64(125.32953237568046), 'WAI': np.float64(222.1342295185464), 'PP': np.float64(20.238351428654337), 'SFI': np.float64(616.884972931947)}
